Removed world/playerdata/9ebad03e-4aaa-4616-b161-2ff700ddbca1.dat_old: not used
Removed world/playerdata/0aa25665-f255-46e7-86f4-0590d36ae2e5.dat_old: not used
Removed world/playerdata/2a4124e0-caf3-4faf-8d65-4a75f62f0afb.dat_old: not used
Removed world/region/r.1.-4.mca: 0 size
Removed world/region/r.5.-7.mca: 0 size
Removed world/region/r.-4.-9.mca: 0 size
Removed world/region/r.0.5.mca: 0 size
Removed world/region/r.3.5.mca: 0 size
Removed world/region/r.-3.-2.mca: 0 size
Removed world/region/r.3.3.mca: 0 size
Removed world/region/r.-10.-5.mca: 0 size
Removed world/region/r.-10.-10.mca: 0 size
Removed world/region/r.2.2.mca: 0 size
Removed world/region/r.-7.-2.mca: 0 size
Removed world/region/r.8.6.mca: 0 size
Removed world/region/r.3.-7.mca: 0 size
Removed world/region/r.4.0.mca: 0 size
Removed world/region/r.-2.6.mca: 0 size
Removed world/region/r.4.2.mca: 0 size
Removed world/region/r.-4.5.mca: 0 size
Removed world/region/r.1.-9.mca: 0 size
Removed world/region/r.-10.5.mca: 0 size
Removed world/region/r.8.-7.mca: 0 size
Removed world/region/r.-3.0.mca: 0 size
Removed world/region/r.4.-3.mca: 0 size
Removed world/region/r.5.5.mca: 0 size
Removed world/region/r.-8.3.mca: 0 size
Removed world/region/r.6.0.mca: 0 size
Removed world/region/r.-1.-7.mca: 0 size
Removed world/region/r.-7.-13.mca: 0 size
Removed world/region/r.-10.-7.mca: 0 size
Removed world/region/r.4.-2.mca: 0 size
Removed world/region/r.3.-9.mca: 0 size
Removed world/region/r.-7.6.mca: 0 size
Removed world/region/r.6.-3.mca: 0 size
Removed world/region/r.-10.3.mca: 0 size
Removed world/region/r.-7.-10.mca: 0 size
Removed world/region/r.7.-2.mca: 0 size
Removed world/region/r.3.-3.mca: 0 size
Removed world/region/r.-10.-1.mca: 0 size
Removed world/region/r.-7.-5.mca: 0 size
Removed world/region/r.4.1.mca: 0 size
Removed world/region/r.5.3.mca: 0 size
Removed world/region/r.-5.-5.mca: 0 size
Removed world/region/r.4.-1.mca: 0 size
Removed world/region/r.-4.-12.mca: 0 size
Removed world/region/r.1.-7.mca: 0 size
Removed world/region/r.3.-4.mca: 0 size
Removed world/region/r.-10.1.mca: 0 size
Removed world/region/r.3.2.mca: 0 size
Removed world/region/r.4.-4.mca: 0 size
Removed world/region/r.-5.3.mca: 0 size
Removed world/region/r.5.-9.mca: 0 size
Removed world/region/r.-2.-10.mca: 0 size
Removed world/region/r.8.-5.mca: 0 size
Removed world/region/r.-9.9.mca: 0 size
Removed world/region/r.3.1.mca: 0 size
Removed world/region/r.-4.1.mca: 0 size
Removed world/region/r.2.-4.mca: 0 size
Removed world/region/r.8.-9.mca: 0 size
Removed world/region/r.-7.8.mca: 0 size
Removed world/region/r.8.0.mca: 0 size
Removed world/region/r.3.0.mca: 0 size
Removed world/region/r.8.3.mca: 0 size
Removed world/region/r.3.-1.mca: 0 size
Removed world/region/r.-10.-12.mca: 0 size
Removed world/region/r.-2.3.mca: 0 size
Removed world/region/r.-4.-7.mca: 0 size
Removed world/region/r.1.2.mca: 0 size
Removed world/region/r.3.-2.mca: 0 size
Removed world/region/r.6.-4.mca: 0 size
Removed world/region/r.-7.0.mca: 0 size
Removed world/gc-logs/gc-20240701_1508.log: not used
Removed world/gc-logs/gc-20240629_1503.log: not used
Removed world/gc-logs/gc-20240702_1145.log: not used
Removed world/DIM-1/poi/r.0.-3.mca: 0 size
Removed world/DIM-1/poi/r.-1.-2.mca: 0 size
Removed world/DIM-1/poi/r.-2.-1.mca: 0 size
Removed world/DIM-1/poi/r.0.0.mca: 0 size
Removed world/DIM-1/poi/r.0.-2.mca: 0 size
Removed world/DIM-1/poi/r.-1.-3.mca: 0 size
Removed world/DIM-1/poi/r.-2.-3.mca: 0 size
Removed world/DIM-1/poi/r.1.-1.mca: 0 size
Removed world/DIM-1/poi/r.-2.-2.mca: 0 size
Removed world/DIM-1/poi/r.-2.0.mca: 0 size
Removed world/DIM-1/entities/r.-3.-2.mca: 0 size
Removed world/DIM-1/data/raids.dat: not used
Removed world/poi/r.-4.-6.mca: 0 size
Removed world/poi/r.-11.-1.mca: 0 size
Removed world/poi/r.0.-3.mca: 0 size
Removed world/poi/r.-4.-4.mca: 0 size
Removed world/poi/r.0.2.mca: 0 size
Removed world/poi/r.-1.-2.mca: 0 size
Removed world/poi/r.1.-3.mca: 0 size
Removed world/poi/r.-12.-3.mca: 0 size
Removed world/poi/r.-5.0.mca: 0 size
Removed world/poi/r.-2.-6.mca: 0 size
Removed world/poi/r.-2.-1.mca: 0 size
Removed world/poi/r.-3.-3.mca: 0 size
Removed world/poi/r.0.1.mca: 0 size
Removed world/poi/r.-1.-3.mca: 0 size
Removed world/poi/r.-2.2.mca: 0 size
Removed world/poi/r.0.-4.mca: 0 size
Removed world/poi/r.-5.-1.mca: 0 size
Removed world/poi/r.-6.-2.mca: 0 size
Removed world/poi/r.-11.-3.mca: 0 size
Removed world/poi/r.-2.-2.mca: 0 size
Removed world/poi/r.-3.-4.mca: 0 size
Removed world/poi/r.-2.0.mca: 0 size
Removed world/poi/r.-6.0.mca: 0 size
Removed world/poi/r.-3.-5.mca: 0 size
Removed world/poi/r.-2.1.mca: 0 size
Removed world/poi/r.-2.-5.mca: 0 size
Removed world/poi/r.-4.-5.mca: 0 size
Removed world/entities/r.-4.-4.mca: 0 size
Validated 286 files, 171 accepted, 115 rejected.
